<?xml version="1.0" encoding="UTF-8"?>
<!-- Generated by org.testng.reporters.JUnitXMLReporter -->
<testsuite ignored="4" hostname="LAPTOP104" failures="0" tests="2" name="Default test" time="16.549" errors="0" timestamp="2025-07-09T19:12:39 PKT">
  <testcase classname="testCases.checkoutTestClass" name="verifyCheckoutButton" time="6.088"/>
  <testcase classname="testCases.checkoutTestClass" name="verifyCheckoutInformationWithEmptyDetail" time="0.208"/>
  <testcase classname="testCases.checkoutTestClass" name="verifyContinueShoppingButton" time="0.0">
    <ignored/>
  </testcase> <!-- verifyContinueShoppingButton -->
  <testcase classname="testCases.checkoutTestClass" name="verifyCartCount" time="0.0">
    <ignored/>
  </testcase> <!-- verifyCartCount -->
  <testcase classname="testCases.checkoutTestClass" name="verifyOrderCompletedOrNot" time="0.0">
    <ignored/>
  </testcase> <!-- verifyOrderCompletedOrNot -->
  <testcase classname="testCases.checkoutTestClass" name="verifyCheckoutInformation" time="0.0">
    <ignored/>
  </testcase> <!-- verifyCheckoutInformation -->
</testsuite> <!-- Default test -->
