<?xml version="1.0" encoding="UTF-8"?>
<testng-results ignored="4" total="6" passed="2" failed="0" skipped="0">
  <reporter-output>
  </reporter-output>
  <suite started-at="2025-07-09T19:12:22 PKT" name="Default suite" finished-at="2025-07-09T19:12:39 PKT" duration-ms="16549">
    <groups>
    </groups>
    <test started-at="2025-07-09T19:12:22 PKT" name="Default test" finished-at="2025-07-09T19:12:39 PKT" duration-ms="16549">
      <class name="testCases.checkoutTestClass">
        <test-method is-config="true" signature="beforeMethod()[pri:0, instance:testCases.checkoutTestClass@1608bcbd]" started-at="2025-07-09T19:12:22 PKT" name="beforeMethod" finished-at="2025-07-09T19:12:32 PKT" duration-ms="10103" status="PASS">
          <reporter-output>
          </reporter-output>
        </test-method> <!-- beforeMethod -->
        <test-method signature="verifyCheckoutButton()[pri:0, instance:testCases.checkoutTestClass@1608bcbd]" started-at="2025-07-09T19:12:32 PKT" name="verifyCheckoutButton" finished-at="2025-07-09T19:12:38 PKT" duration-ms="6088" status="PASS">
          <reporter-output>
          </reporter-output>
        </test-method> <!-- verifyCheckoutButton -->
        <test-method signature="verifyCheckoutInformationWithEmptyDetail()[pri:0, instance:testCases.checkoutTestClass@1608bcbd]" started-at="2025-07-09T19:12:38 PKT" name="verifyCheckoutInformationWithEmptyDetail" finished-at="2025-07-09T19:12:39 PKT" duration-ms="208" status="PASS">
          <reporter-output>
          </reporter-output>
        </test-method> <!-- verifyCheckoutInformationWithEmptyDetail -->
        <test-method is-config="true" signature="tearDown()[pri:0, instance:testCases.checkoutTestClass@1608bcbd]" started-at="2025-07-09T19:12:39 PKT" name="tearDown" finished-at="2025-07-09T19:12:39 PKT" duration-ms="0" status="PASS">
          <reporter-output>
          </reporter-output>
        </test-method> <!-- tearDown -->
      </class> <!-- testCases.checkoutTestClass -->
    </test> <!-- Default test -->
  </suite> <!-- Default suite -->
</testng-results>
