<?xml version="1.0" encoding="UTF-8"?>
<testng-results ignored="0" total="1" passed="1" failed="0" skipped="0">
  <reporter-output>
  </reporter-output>
  <suite started-at="2025-01-30T22:02:26 PKT" name="Default suite" finished-at="2025-01-30T22:02:34 PKT" duration-ms="8416">
    <groups>
    </groups>
    <test started-at="2025-01-30T22:02:26 PKT" name="Default test" finished-at="2025-01-30T22:02:34 PKT" duration-ms="8416">
      <class name="testCases.productListingTestClass">
        <test-method is-config="true" signature="beforeMethod()[pri:0, instance:testCases.productListingTestClass@55b699ef]" started-at="2025-01-30T22:02:26 PKT" name="beforeMethod" finished-at="2025-01-30T22:02:31 PKT" duration-ms="5238" status="PASS">
          <reporter-output>
          </reporter-output>
        </test-method> <!-- beforeMethod -->
        <test-method signature="verifyAddToCart()[pri:0, instance:testCases.productListingTestClass@55b699ef]" started-at="2025-01-30T22:02:31 PKT" name="verifyAddToCart" finished-at="2025-01-30T22:02:34 PKT" duration-ms="3152" status="PASS">
          <reporter-output>
          </reporter-output>
        </test-method> <!-- verifyAddToCart -->
        <test-method is-config="true" signature="afterMethod()[pri:0, instance:testCases.productListingTestClass@55b699ef]" started-at="2025-01-30T22:02:34 PKT" name="afterMethod" finished-at="2025-01-30T22:02:34 PKT" duration-ms="0" status="PASS">
          <reporter-output>
          </reporter-output>
        </test-method> <!-- afterMethod -->
      </class> <!-- testCases.productListingTestClass -->
    </test> <!-- Default test -->
  </suite> <!-- Default suite -->
</testng-results>
